#
# There is insufficient memory for the Java Runtime Environment to continue.
# Native memory allocation (malloc) failed to allocate 1056656 bytes for Chunk::new
# Possible reasons:
#   The system is out of physical RAM or swap space
#   The process is running with CompressedOops enabled, and the Java Heap may be blocking the growth of the native heap
# Possible solutions:
#   Reduce memory load on the system
#   Increase physical memory or swap space
#   Check if swap backing store is full
#   Decrease Java heap size (-Xmx/-Xms)
#   Decrease number of Java threads
#   Decrease Java thread stack sizes (-Xss)
#   Set larger code cache with -XX:ReservedCodeCacheSize=
#   JVM is running with Unscaled Compressed Oops mode in which the Java heap is
#     placed in the first 4GB address space. The Java Heap base address is the
#     maximum limit for the native heap growth. Please use -XX:HeapBaseMinAddress
#     to set the Java Heap base and to place the Java Heap above 4GB virtual address.
# This output file may be truncated or incomplete.
#
#  Out of Memory Error (arena.cpp:168), pid=25364, tid=2724
#
# JRE version: Java(TM) SE Runtime Environment (21.0.3+7) (build 21.0.3+7-LTS-152)
# Java VM: Java HotSpot(TM) 64-Bit Server VM (21.0.3+7-LTS-152, mixed mode, sharing, tiered, compressed oops, compressed class ptrs, g1 gc, windows-amd64)
# No core dump will be written. Minidumps are not enabled by default on client versions of Windows
#

---------------  S U M M A R Y ------------

Command Line: -javaagent:D:\Java_dowload\lib\idea_rt.jar=60994:D:\Java_dowload\bin -Dfile.encoding=UTF-8 -Dsun.stdout.encoding=UTF-8 -Dsun.stderr.encoding=UTF-8 com.example.demo.ProjectDemoApiApplication

Host: Intel(R) Core(TM) i5-1035G1 CPU @ 1.00GHz, 8 cores, 7G,  Windows 10 , 64 bit Build 19041 (10.0.19041.4957)
Time: Thu Oct 31 16:50:10 2024 SE Asia Standard Time elapsed time: 7.285048 seconds (0d 0h 0m 7s)

---------------  T H R E A D  ---------------

Current thread (0x00000179f0d7ea70):  JavaThread "C2 CompilerThread1" daemon [_thread_in_native, id=2724, stack(0x0000006cc5b00000,0x0000006cc5c00000) (1024K)]


Current CompileTask:
C2:   7285 4400   !   4       org.springframework.core.annotation.AnnotationsScanner::processClassHierarchy (234 bytes)

Stack: [0x0000006cc5b00000,0x0000006cc5c00000]
Native frames: (J=compiled Java code, j=interpreted, Vv=VM code, C=native code)
V  [jvm.dll+0x6c63b9]
V  [jvm.dll+0x84fa11]
V  [jvm.dll+0x851f3e]
V  [jvm.dll+0x852613]
V  [jvm.dll+0x27cd46]
V  [jvm.dll+0xc4aad]
V  [jvm.dll+0xc4fe3]
V  [jvm.dll+0x2efaff]
V  [jvm.dll+0x5f150a]
V  [jvm.dll+0x24e99f]
V  [jvm.dll+0x247676]
V  [jvm.dll+0x245014]
V  [jvm.dll+0x1c689e]
V  [jvm.dll+0x254609]
V  [jvm.dll+0x252b9a]
V  [jvm.dll+0x3eb056]
V  [jvm.dll+0x7f9ffb]
V  [jvm.dll+0x6c4a9d]
C  [ucrtbase.dll+0x21bb2]
C  [KERNEL32.DLL+0x17374]
C  [ntdll.dll+0x4cc91]


---------------  P R O C E S S  ---------------

Threads class SMR info:
_java_thread_list=0x00000179f5d55c20, length=13, elements={
0x00000179d41197a0, 0x00000179f0485b30, 0x00000179f0487ba0, 0x00000179f048dae0,
0x00000179f0494040, 0x00000179f0490bc0, 0x00000179f0491250, 0x00000179f0b003b0,
0x00000179f0b033c0, 0x00000179f0491f70, 0x00000179f0d7ea70, 0x00000179f0493320,
0x00000179f04918e0
}

Java Threads: ( => current thread )
  0x00000179d41197a0 JavaThread "main"                              [_thread_in_vm, id=14516, stack(0x0000006cc4a00000,0x0000006cc4b00000) (1024K)]
  0x00000179f0485b30 JavaThread "Reference Handler"          daemon [_thread_blocked, id=5524, stack(0x0000006cc5200000,0x0000006cc5300000) (1024K)]
  0x00000179f0487ba0 JavaThread "Finalizer"                  daemon [_thread_blocked, id=21620, stack(0x0000006cc5300000,0x0000006cc5400000) (1024K)]
  0x00000179f048dae0 JavaThread "Signal Dispatcher"          daemon [_thread_blocked, id=20920, stack(0x0000006cc5400000,0x0000006cc5500000) (1024K)]
  0x00000179f0494040 JavaThread "Attach Listener"            daemon [_thread_blocked, id=7212, stack(0x0000006cc5500000,0x0000006cc5600000) (1024K)]
  0x00000179f0490bc0 JavaThread "Service Thread"             daemon [_thread_blocked, id=22672, stack(0x0000006cc5600000,0x0000006cc5700000) (1024K)]
  0x00000179f0491250 JavaThread "Monitor Deflation Thread"   daemon [_thread_blocked, id=21356, stack(0x0000006cc5700000,0x0000006cc5800000) (1024K)]
  0x00000179f0b003b0 JavaThread "C2 CompilerThread0"         daemon [_thread_in_native, id=2964, stack(0x0000006cc5800000,0x0000006cc5900000) (1024K)]
  0x00000179f0b033c0 JavaThread "C1 CompilerThread0"         daemon [_thread_blocked, id=22540, stack(0x0000006cc5900000,0x0000006cc5a00000) (1024K)]
  0x00000179f0491f70 JavaThread "Common-Cleaner"             daemon [_thread_blocked, id=20952, stack(0x0000006cc5a00000,0x0000006cc5b00000) (1024K)]
=>0x00000179f0d7ea70 JavaThread "C2 CompilerThread1"         daemon [_thread_in_native, id=2724, stack(0x0000006cc5b00000,0x0000006cc5c00000) (1024K)]
  0x00000179f0493320 JavaThread "Monitor Ctrl-Break"         daemon [_thread_in_native, id=1904, stack(0x0000006cc5c00000,0x0000006cc5d00000) (1024K)]
  0x00000179f04918e0 JavaThread "Notification Thread"        daemon [_thread_blocked, id=12272, stack(0x0000006cc5d00000,0x0000006cc5e00000) (1024K)]
Total: 13

Other Threads:
  0x00000179f04688a0 VMThread "VM Thread"                           [id=18540, stack(0x0000006cc5100000,0x0000006cc5200000) (1024K)]
  0x00000179f0450280 WatcherThread "VM Periodic Task Thread"        [id=5288, stack(0x0000006cc5000000,0x0000006cc5100000) (1024K)]
  0x00000179d416fee0 WorkerThread "GC Thread#0"                     [id=14300, stack(0x0000006cc4b00000,0x0000006cc4c00000) (1024K)]
  0x00000179f5bbb4c0 WorkerThread "GC Thread#1"                     [id=23512, stack(0x0000006cc5e00000,0x0000006cc5f00000) (1024K)]
  0x00000179f5b93360 WorkerThread "GC Thread#2"                     [id=2040, stack(0x0000006cc5f00000,0x0000006cc6000000) (1024K)]
  0x00000179f5c5dae0 WorkerThread "GC Thread#3"                     [id=1816, stack(0x0000006cc6000000,0x0000006cc6100000) (1024K)]
  0x00000179f5c5de80 WorkerThread "GC Thread#4"                     [id=12448, stack(0x0000006cc6100000,0x0000006cc6200000) (1024K)]
  0x00000179f5c5e220 WorkerThread "GC Thread#5"                     [id=15428, stack(0x0000006cc6200000,0x0000006cc6300000) (1024K)]
  0x00000179f5c605d0 WorkerThread "GC Thread#6"                     [id=24276, stack(0x0000006cc6300000,0x0000006cc6400000) (1024K)]
  0x00000179f5c60970 WorkerThread "GC Thread#7"                     [id=24816, stack(0x0000006cc6400000,0x0000006cc6500000) (1024K)]
  0x00000179d1cddde0 ConcurrentGCThread "G1 Main Marker"            [id=23720, stack(0x0000006cc4c00000,0x0000006cc4d00000) (1024K)]
  0x00000179d417e6a0 WorkerThread "G1 Conc#0"                       [id=8736, stack(0x0000006cc4d00000,0x0000006cc4e00000) (1024K)]
  0x00000179f5da3d50 WorkerThread "G1 Conc#1"                       [id=21876, stack(0x0000006cc6600000,0x0000006cc6700000) (1024K)]
  0x00000179f0323f90 ConcurrentGCThread "G1 Refine#0"               [id=20204, stack(0x0000006cc4e00000,0x0000006cc4f00000) (1024K)]
  0x00000179f0324b00 ConcurrentGCThread "G1 Service"                [id=17484, stack(0x0000006cc4f00000,0x0000006cc5000000) (1024K)]
Total: 15

Threads with active compile tasks:
C2 CompilerThread0     7365 4425       4       org.springframework.beans.factory.support.AbstractBeanFactory::isTypeMatch (745 bytes)
C2 CompilerThread1     7365 4400   !   4       org.springframework.core.annotation.AnnotationsScanner::processClassHierarchy (234 bytes)
Total: 2

VM state: not at safepoint (normal execution)

VM Mutex/Monitor currently owned by a thread: None

Heap address: 0x0000000083a00000, size: 1990 MB, Compressed Oops mode: 32-bit

CDS archive(s) mapped at: [0x0000017980000000-0x0000017980c90000-0x0000017980c90000), size 13172736, SharedBaseAddress: 0x0000017980000000, ArchiveRelocationMode: 1.
Compressed class space mapped at: 0x0000017981000000-0x00000179c1000000, reserved size: 1073741824
Narrow klass base: 0x0000017980000000, Narrow klass shift: 0, Narrow klass range: 0x100000000

GC Precious Log:
 CardTable entry size: 512
 Card Set container configuration: InlinePtr #cards 5 size 8 Array Of Cards #cards 12 size 40 Howl #buckets 4 coarsen threshold 1843 Howl Bitmap #cards 512 size 80 coarsen threshold 460 Card regions per heap region 1 cards per card region 2048
 CPUs: 8 total, 8 available
 Memory: 7959M
 Large Page Support: Disabled
 NUMA Support: Disabled
 Compressed Oops: Enabled (32-bit)
 Heap Region Size: 1M
 Heap Min Capacity: 8M
 Heap Initial Capacity: 126M
 Heap Max Capacity: 1990M
 Pre-touch: Disabled
 Parallel Workers: 8
 Concurrent Workers: 2
 Concurrent Refinement Workers: 8
 Periodic GC: Disabled

Heap:
 garbage-first heap   total 65536K, used 47824K [0x0000000083a00000, 0x0000000100000000)
  region size 1024K, 31 young (31744K), 3 survivors (3072K)
 Metaspace       used 33810K, committed 34304K, reserved 1114112K
  class space    used 4285K, committed 4480K, reserved 1048576K

Heap Regions: E=young(eden), S=young(survivor), O=old, HS=humongous(starts), HC=humongous(continues), CS=collection set, F=free, TAMS=top-at-mark-start, PB=parsable bottom
|   0|0x0000000083a00000, 0x0000000083b00000, 0x0000000083b00000|100%|HS|  |TAMS 0x0000000083a00000| PB 0x0000000083a00000| Complete 
|   1|0x0000000083b00000, 0x0000000083c00000, 0x0000000083c00000|100%| O|  |TAMS 0x0000000083b00000| PB 0x0000000083b00000| Untracked 
|   2|0x0000000083c00000, 0x0000000083d00000, 0x0000000083d00000|100%| O|  |TAMS 0x0000000083c00000| PB 0x0000000083c00000| Untracked 
|   3|0x0000000083d00000, 0x0000000083e00000, 0x0000000083e00000|100%| O|  |TAMS 0x0000000083d00000| PB 0x0000000083d00000| Untracked 
|   4|0x0000000083e00000, 0x0000000083f00000, 0x0000000083f00000|100%| O|  |TAMS 0x0000000083e00000| PB 0x0000000083e00000| Untracked 
|   5|0x0000000083f00000, 0x0000000084000000, 0x0000000084000000|100%| O|  |TAMS 0x0000000083f00000| PB 0x0000000083f00000| Untracked 
|   6|0x0000000084000000, 0x0000000084100000, 0x0000000084100000|100%| O|  |TAMS 0x0000000084000000| PB 0x0000000084000000| Untracked 
|   7|0x0000000084100000, 0x0000000084200000, 0x0000000084200000|100%| O|  |TAMS 0x0000000084100000| PB 0x0000000084100000| Untracked 
|   8|0x0000000084200000, 0x0000000084300000, 0x0000000084300000|100%| O|  |TAMS 0x0000000084200000| PB 0x0000000084200000| Untracked 
|   9|0x0000000084300000, 0x0000000084300000, 0x0000000084400000|  0%| F|  |TAMS 0x0000000084300000| PB 0x0000000084300000| Untracked 
|  10|0x0000000084400000, 0x0000000084500000, 0x0000000084500000|100%| O|  |TAMS 0x0000000084400000| PB 0x0000000084400000| Untracked 
|  11|0x0000000084500000, 0x0000000084600000, 0x0000000084600000|100%| O|  |TAMS 0x0000000084500000| PB 0x0000000084500000| Untracked 
|  12|0x0000000084600000, 0x0000000084700000, 0x0000000084700000|100%| O|  |TAMS 0x0000000084600000| PB 0x0000000084600000| Untracked 
|  13|0x0000000084700000, 0x0000000084800000, 0x0000000084800000|100%| O|  |TAMS 0x0000000084700000| PB 0x0000000084700000| Untracked 
|  14|0x0000000084800000, 0x0000000084900000, 0x0000000084900000|100%| O|  |TAMS 0x0000000084800000| PB 0x0000000084800000| Untracked 
|  15|0x0000000084900000, 0x0000000084a00000, 0x0000000084a00000|100%| O|  |TAMS 0x0000000084900000| PB 0x0000000084900000| Untracked 
|  16|0x0000000084a00000, 0x0000000084b00000, 0x0000000084b00000|100%| O|  |TAMS 0x0000000084a00000| PB 0x0000000084a00000| Untracked 
|  17|0x0000000084b00000, 0x0000000084c00000, 0x0000000084c00000|100%| O|  |TAMS 0x0000000084b00000| PB 0x0000000084b00000| Untracked 
|  18|0x0000000084c00000, 0x0000000084c5ec40, 0x0000000084d00000| 37%| O|  |TAMS 0x0000000084c00000| PB 0x0000000084c00000| Untracked 
|  19|0x0000000084d00000, 0x0000000084d00000, 0x0000000084e00000|  0%| F|  |TAMS 0x0000000084d00000| PB 0x0000000084d00000| Untracked 
|  20|0x0000000084e00000, 0x0000000084e00000, 0x0000000084f00000|  0%| F|  |TAMS 0x0000000084e00000| PB 0x0000000084e00000| Untracked 
|  21|0x0000000084f00000, 0x0000000084f00000, 0x0000000085000000|  0%| F|  |TAMS 0x0000000084f00000| PB 0x0000000084f00000| Untracked 
|  22|0x0000000085000000, 0x0000000085000000, 0x0000000085100000|  0%| F|  |TAMS 0x0000000085000000| PB 0x0000000085000000| Untracked 
|  23|0x0000000085100000, 0x0000000085100000, 0x0000000085200000|  0%| F|  |TAMS 0x0000000085100000| PB 0x0000000085100000| Untracked 
|  24|0x0000000085200000, 0x0000000085200000, 0x0000000085300000|  0%| F|  |TAMS 0x0000000085200000| PB 0x0000000085200000| Untracked 
|  25|0x0000000085300000, 0x0000000085300000, 0x0000000085400000|  0%| F|  |TAMS 0x0000000085300000| PB 0x0000000085300000| Untracked 
|  26|0x0000000085400000, 0x0000000085400000, 0x0000000085500000|  0%| F|  |TAMS 0x0000000085400000| PB 0x0000000085400000| Untracked 
|  27|0x0000000085500000, 0x0000000085500000, 0x0000000085600000|  0%| F|  |TAMS 0x0000000085500000| PB 0x0000000085500000| Untracked 
|  28|0x0000000085600000, 0x0000000085600000, 0x0000000085700000|  0%| F|  |TAMS 0x0000000085600000| PB 0x0000000085600000| Untracked 
|  29|0x0000000085700000, 0x0000000085700000, 0x0000000085800000|  0%| F|  |TAMS 0x0000000085700000| PB 0x0000000085700000| Untracked 
|  30|0x0000000085800000, 0x0000000085800000, 0x0000000085900000|  0%| F|  |TAMS 0x0000000085800000| PB 0x0000000085800000| Untracked 
|  31|0x0000000085900000, 0x0000000085900000, 0x0000000085a00000|  0%| F|  |TAMS 0x0000000085900000| PB 0x0000000085900000| Untracked 
|  32|0x0000000085a00000, 0x0000000085a00000, 0x0000000085b00000|  0%| F|  |TAMS 0x0000000085a00000| PB 0x0000000085a00000| Untracked 
|  33|0x0000000085b00000, 0x0000000085b55748, 0x0000000085c00000| 33%| S|CS|TAMS 0x0000000085b00000| PB 0x0000000085b00000| Complete 
|  34|0x0000000085c00000, 0x0000000085d00000, 0x0000000085d00000|100%| S|CS|TAMS 0x0000000085c00000| PB 0x0000000085c00000| Complete 
|  35|0x0000000085d00000, 0x0000000085e00000, 0x0000000085e00000|100%| S|CS|TAMS 0x0000000085d00000| PB 0x0000000085d00000| Complete 
|  36|0x0000000085e00000, 0x0000000085f00000, 0x0000000085f00000|100%| E|  |TAMS 0x0000000085e00000| PB 0x0000000085e00000| Complete 
|  37|0x0000000085f00000, 0x0000000086000000, 0x0000000086000000|100%| E|CS|TAMS 0x0000000085f00000| PB 0x0000000085f00000| Complete 
|  38|0x0000000086000000, 0x0000000086100000, 0x0000000086100000|100%| E|CS|TAMS 0x0000000086000000| PB 0x0000000086000000| Complete 
|  39|0x0000000086100000, 0x0000000086200000, 0x0000000086200000|100%| E|CS|TAMS 0x0000000086100000| PB 0x0000000086100000| Complete 
|  40|0x0000000086200000, 0x0000000086300000, 0x0000000086300000|100%| E|CS|TAMS 0x0000000086200000| PB 0x0000000086200000| Complete 
|  41|0x0000000086300000, 0x0000000086400000, 0x0000000086400000|100%| E|CS|TAMS 0x0000000086300000| PB 0x0000000086300000| Complete 
|  42|0x0000000086400000, 0x0000000086500000, 0x0000000086500000|100%| E|CS|TAMS 0x0000000086400000| PB 0x0000000086400000| Complete 
|  43|0x0000000086500000, 0x0000000086600000, 0x0000000086600000|100%| E|CS|TAMS 0x0000000086500000| PB 0x0000000086500000| Complete 
|  44|0x0000000086600000, 0x0000000086700000, 0x0000000086700000|100%| E|CS|TAMS 0x0000000086600000| PB 0x0000000086600000| Complete 
|  45|0x0000000086700000, 0x0000000086800000, 0x0000000086800000|100%| E|CS|TAMS 0x0000000086700000| PB 0x0000000086700000| Complete 
|  46|0x0000000086800000, 0x0000000086900000, 0x0000000086900000|100%| E|CS|TAMS 0x0000000086800000| PB 0x0000000086800000| Complete 
|  47|0x0000000086900000, 0x0000000086a00000, 0x0000000086a00000|100%| E|CS|TAMS 0x0000000086900000| PB 0x0000000086900000| Complete 
|  48|0x0000000086a00000, 0x0000000086b00000, 0x0000000086b00000|100%| E|CS|TAMS 0x0000000086a00000| PB 0x0000000086a00000| Complete 
|  49|0x0000000086b00000, 0x0000000086c00000, 0x0000000086c00000|100%| E|CS|TAMS 0x0000000086b00000| PB 0x0000000086b00000| Complete 
|  50|0x0000000086c00000, 0x0000000086d00000, 0x0000000086d00000|100%| E|CS|TAMS 0x0000000086c00000| PB 0x0000000086c00000| Complete 
|  51|0x0000000086d00000, 0x0000000086e00000, 0x0000000086e00000|100%| E|CS|TAMS 0x0000000086d00000| PB 0x0000000086d00000| Complete 
|  52|0x0000000086e00000, 0x0000000086f00000, 0x0000000086f00000|100%| E|CS|TAMS 0x0000000086e00000| PB 0x0000000086e00000| Complete 
|  53|0x0000000086f00000, 0x0000000087000000, 0x0000000087000000|100%| E|CS|TAMS 0x0000000086f00000| PB 0x0000000086f00000| Complete 
|  54|0x0000000087000000, 0x0000000087100000, 0x0000000087100000|100%| E|CS|TAMS 0x0000000087000000| PB 0x0000000087000000| Complete 
|  76|0x0000000088600000, 0x0000000088700000, 0x0000000088700000|100%| E|CS|TAMS 0x0000000088600000| PB 0x0000000088600000| Complete 
|  77|0x0000000088700000, 0x0000000088800000, 0x0000000088800000|100%| E|CS|TAMS 0x0000000088700000| PB 0x0000000088700000| Complete 
|  78|0x0000000088800000, 0x0000000088900000, 0x0000000088900000|100%| E|CS|TAMS 0x0000000088800000| PB 0x0000000088800000| Complete 
|  79|0x0000000088900000, 0x0000000088a00000, 0x0000000088a00000|100%| E|CS|TAMS 0x0000000088900000| PB 0x0000000088900000| Complete 
|  80|0x0000000088a00000, 0x0000000088b00000, 0x0000000088b00000|100%| E|CS|TAMS 0x0000000088a00000| PB 0x0000000088a00000| Complete 
|  81|0x0000000088b00000, 0x0000000088c00000, 0x0000000088c00000|100%| E|CS|TAMS 0x0000000088b00000| PB 0x0000000088b00000| Complete 
|  82|0x0000000088c00000, 0x0000000088d00000, 0x0000000088d00000|100%| E|CS|TAMS 0x0000000088c00000| PB 0x0000000088c00000| Complete 
| 124|0x000000008b600000, 0x000000008b700000, 0x000000008b700000|100%| E|CS|TAMS 0x000000008b600000| PB 0x000000008b600000| Complete 
| 125|0x000000008b700000, 0x000000008b800000, 0x000000008b800000|100%| E|CS|TAMS 0x000000008b700000| PB 0x000000008b700000| Complete 

Card table byte_map: [0x00000179ebc60000,0x00000179ec050000] _byte_map_base: 0x00000179eb843000

Marking Bits: (CMBitMap*) 0x00000179d41719f0
 Bits: [0x00000179ec050000, 0x00000179edf68000)

Polling page: 0x00000179d1ec0000

Metaspace:

Usage:
  Non-class:     28.86 MB used.
      Class:      4.19 MB used.
       Both:     33.05 MB used.

Virtual space:
  Non-class space:       64.00 MB reserved,      29.12 MB ( 46%) committed,  1 nodes.
      Class space:        1.00 GB reserved,       4.38 MB ( <1%) committed,  1 nodes.
             Both:        1.06 GB reserved,      33.50 MB (  3%) committed. 

Chunk freelists:
   Non-Class:  1.95 MB
       Class:  11.50 MB
        Both:  13.46 MB

MaxMetaspaceSize: unlimited
CompressedClassSpaceSize: 1.00 GB
Initial GC threshold: 21.00 MB
Current GC threshold: 35.12 MB
CDS: on
 - commit_granule_bytes: 65536.
 - commit_granule_words: 8192.
 - virtual_space_node_default_size: 8388608.
 - enlarge_chunks_in_place: 1.
 - use_allocation_guard: 0.


Internal statistics:

num_allocs_failed_limit: 3.
num_arena_births: 532.
num_arena_deaths: 0.
num_vsnodes_births: 2.
num_vsnodes_deaths: 0.
num_space_committed: 536.
num_space_uncommitted: 0.
num_chunks_returned_to_freelist: 3.
num_chunks_taken_from_freelist: 1727.
num_chunk_merges: 0.
num_chunk_splits: 1212.
num_chunks_enlarged: 915.
num_inconsistent_stats: 0.

CodeHeap 'non-profiled nmethods': size=120000Kb used=2538Kb max_used=2538Kb free=117461Kb
 bounds [0x00000179e4010000, 0x00000179e4290000, 0x00000179eb540000]
CodeHeap 'profiled nmethods': size=120000Kb used=9675Kb max_used=9675Kb free=110324Kb
 bounds [0x00000179dc540000, 0x00000179dcec0000, 0x00000179e3a70000]
CodeHeap 'non-nmethods': size=5760Kb used=1643Kb max_used=1683Kb free=4117Kb
 bounds [0x00000179e3a70000, 0x00000179e3ce0000, 0x00000179e4010000]
 total_blobs=5010 nmethods=4454 adapters=460
 compilation: enabled
              stopped_count=0, restarted_count=0
 full_count=0

Compilation events (20 events):
Event: 7.254 Thread 0x00000179f0b033c0 4433       3       org.aspectj.apache.bcel.classfile.Attribute::<init> (26 bytes)
Event: 7.255 Thread 0x00000179f0b033c0 nmethod 4433 0x00000179dce9c910 code [0x00000179dce9cac0, 0x00000179dce9cc88]
Event: 7.268 Thread 0x00000179f0b033c0 4434       1       org.aspectj.weaver.reflect.ReflectionBasedReferenceTypeDelegate::getWorld (5 bytes)
Event: 7.268 Thread 0x00000179f0b033c0 nmethod 4434 0x00000179e4287e10 code [0x00000179e4287fa0, 0x00000179e4288068]
Event: 7.269 Thread 0x00000179f0b033c0 4435       3       org.aspectj.weaver.World::isExpendable (37 bytes)
Event: 7.269 Thread 0x00000179f0b033c0 nmethod 4435 0x00000179dce9cd90 code [0x00000179dce9cf80, 0x00000179dce9d4a0]
Event: 7.269 Thread 0x00000179f0b033c0 4436       3       org.aspectj.weaver.UnresolvedType::forSignature (350 bytes)
Event: 7.271 Thread 0x00000179f0b033c0 nmethod 4436 0x00000179dce9d590 code [0x00000179dce9d920, 0x00000179dce9ec10]
Event: 7.271 Thread 0x00000179f0b033c0 4437       3       org.aspectj.weaver.World::resolve (53 bytes)
Event: 7.272 Thread 0x00000179f0b033c0 nmethod 4437 0x00000179dce9f190 code [0x00000179dce9f3a0, 0x00000179dce9f918]
Event: 7.272 Thread 0x00000179f0b033c0 4439       3       org.springframework.aop.aspectj.AspectJExpressionPointcut::matches (69 bytes)
Event: 7.272 Thread 0x00000179f0b033c0 nmethod 4439 0x00000179dce9fb10 code [0x00000179dce9fda0, 0x00000179dcea0868]
Event: 7.272 Thread 0x00000179f0b033c0 4440   !   3       org.springframework.aop.aspectj.AspectJExpressionPointcut::getTargetShadowMatch (98 bytes)
Event: 7.277 Thread 0x00000179f0b033c0 nmethod 4440 0x00000179dcea0c90 code [0x00000179dcea11e0, 0x00000179dcea3b58]
Event: 7.277 Thread 0x00000179f0b033c0 4441       3       java.lang.ClassLoader::getClassLoader (11 bytes)
Event: 7.278 Thread 0x00000179f0b033c0 nmethod 4441 0x00000179dcea4a90 code [0x00000179dcea4c40, 0x00000179dcea4db8]
Event: 7.278 Thread 0x00000179f0b033c0 4442       3       org.aspectj.weaver.WeakClassLoaderReference::<init> (43 bytes)
Event: 7.278 Thread 0x00000179f0b033c0 nmethod 4442 0x00000179dcea4e90 code [0x00000179dcea5080, 0x00000179dcea5670]
Event: 7.279 Thread 0x00000179f0b033c0 4443       1       org.aspectj.weaver.reflect.Java15AnnotationFinder::setWorld (6 bytes)
Event: 7.279 Thread 0x00000179f0b033c0 nmethod 4443 0x00000179e4288110 code [0x00000179e42882a0, 0x00000179e42883b0]

GC Heap History (10 events):
Event: 1.086 GC heap before
{Heap before GC invocations=0 (full 0):
 garbage-first heap   total 129024K, used 23552K [0x0000000083a00000, 0x0000000100000000)
  region size 1024K, 23 young (23552K), 0 survivors (0K)
 Metaspace       used 6368K, committed 6656K, reserved 1114112K
  class space    used 702K, committed 832K, reserved 1048576K
}
Event: 1.096 GC heap after
{Heap after GC invocations=1 (full 0):
 garbage-first heap   total 129024K, used 9301K [0x0000000083a00000, 0x0000000100000000)
  region size 1024K, 3 young (3072K), 3 survivors (3072K)
 Metaspace       used 6368K, committed 6656K, reserved 1114112K
  class space    used 702K, committed 832K, reserved 1048576K
}
Event: 1.909 GC heap before
{Heap before GC invocations=1 (full 0):
 garbage-first heap   total 129024K, used 34901K [0x0000000083a00000, 0x0000000100000000)
  region size 1024K, 29 young (29696K), 3 survivors (3072K)
 Metaspace       used 12862K, committed 13120K, reserved 1114112K
  class space    used 1671K, committed 1792K, reserved 1048576K
}
Event: 1.916 GC heap after
{Heap after GC invocations=2 (full 0):
 garbage-first heap   total 129024K, used 11792K [0x0000000083a00000, 0x0000000100000000)
  region size 1024K, 3 young (3072K), 3 survivors (3072K)
 Metaspace       used 12862K, committed 13120K, reserved 1114112K
  class space    used 1671K, committed 1792K, reserved 1048576K
}
Event: 2.607 GC heap before
{Heap before GC invocations=2 (full 0):
 garbage-first heap   total 129024K, used 50704K [0x0000000083a00000, 0x0000000100000000)
  region size 1024K, 43 young (44032K), 3 survivors (3072K)
 Metaspace       used 21198K, committed 21504K, reserved 1114112K
  class space    used 2644K, committed 2816K, reserved 1048576K
}
Event: 2.616 GC heap after
{Heap after GC invocations=3 (full 0):
 garbage-first heap   total 129024K, used 16089K [0x0000000083a00000, 0x0000000100000000)
  region size 1024K, 7 young (7168K), 7 survivors (7168K)
 Metaspace       used 21198K, committed 21504K, reserved 1114112K
  class space    used 2644K, committed 2816K, reserved 1048576K
}
Event: 3.810 GC heap before
{Heap before GC invocations=4 (full 0):
 garbage-first heap   total 65536K, used 47833K [0x0000000083a00000, 0x0000000100000000)
  region size 1024K, 38 young (38912K), 7 survivors (7168K)
 Metaspace       used 24048K, committed 24448K, reserved 1114112K
  class space    used 3008K, committed 3200K, reserved 1048576K
}
Event: 3.824 GC heap after
{Heap after GC invocations=5 (full 0):
 garbage-first heap   total 65536K, used 18297K [0x0000000083a00000, 0x0000000100000000)
  region size 1024K, 4 young (4096K), 4 survivors (4096K)
 Metaspace       used 24048K, committed 24448K, reserved 1114112K
  class space    used 3008K, committed 3200K, reserved 1048576K
}
Event: 5.253 GC heap before
{Heap before GC invocations=5 (full 0):
 garbage-first heap   total 65536K, used 46969K [0x0000000083a00000, 0x0000000100000000)
  region size 1024K, 32 young (32768K), 4 survivors (4096K)
 Metaspace       used 27850K, committed 28160K, reserved 1114112K
  class space    used 3510K, committed 3648K, reserved 1048576K
}
Event: 5.268 GC heap after
{Heap after GC invocations=6 (full 0):
 garbage-first heap   total 65536K, used 20176K [0x0000000083a00000, 0x0000000100000000)
  region size 1024K, 3 young (3072K), 3 survivors (3072K)
 Metaspace       used 27850K, committed 28160K, reserved 1114112K
  class space    used 3510K, committed 3648K, reserved 1048576K
}

Dll operation events (11 events):
Event: 0.016 Loaded shared library C:\Program Files\Java\jdk-21\bin\java.dll
Event: 0.053 Loaded shared library C:\Program Files\Java\jdk-21\bin\jsvml.dll
Event: 0.214 Loaded shared library C:\Program Files\Java\jdk-21\bin\zip.dll
Event: 0.220 Loaded shared library C:\Program Files\Java\jdk-21\bin\instrument.dll
Event: 0.230 Loaded shared library C:\Program Files\Java\jdk-21\bin\net.dll
Event: 0.236 Loaded shared library C:\Program Files\Java\jdk-21\bin\nio.dll
Event: 0.240 Loaded shared library C:\Program Files\Java\jdk-21\bin\zip.dll
Event: 0.408 Loaded shared library D:\Java_dowload\bin\breakgen64.dll
Event: 0.417 Loaded shared library C:\Program Files\Java\jdk-21\bin\extnet.dll
Event: 0.460 Loaded shared library C:\Program Files\Java\jdk-21\bin\jimage.dll
Event: 2.587 Loaded shared library C:\Program Files\Java\jdk-21\bin\sunmscapi.dll

Deoptimization events (20 events):
Event: 6.929 Thread 0x00000179d41197a0 DEOPT PACKING pc=0x00000179e412b9e4 sp=0x0000006cc4afb110
Event: 6.930 Thread 0x00000179d41197a0 DEOPT UNPACKING pc=0x00000179e3ac7da2 sp=0x0000006cc4afb090 mode 2
Event: 6.930 Thread 0x00000179d41197a0 Uncommon trap: trap_request=0xffffffde fr.pc=0x00000179e412b9e4 relative=0x0000000000000ec4
Event: 6.930 Thread 0x00000179d41197a0 Uncommon trap: reason=class_check action=maybe_recompile pc=0x00000179e412b9e4 method=java.util.concurrent.ConcurrentHashMap.putVal(Ljava/lang/Object;Ljava/lang/Object;Z)Ljava/lang/Object; @ 242 c2
Event: 6.930 Thread 0x00000179d41197a0 DEOPT PACKING pc=0x00000179e412b9e4 sp=0x0000006cc4afb110
Event: 6.930 Thread 0x00000179d41197a0 DEOPT UNPACKING pc=0x00000179e3ac7da2 sp=0x0000006cc4afb090 mode 2
Event: 6.989 Thread 0x00000179d41197a0 DEOPT PACKING pc=0x00000179dce5f8c2 sp=0x0000006cc4afbd70
Event: 6.989 Thread 0x00000179d41197a0 DEOPT UNPACKING pc=0x00000179e3ac88e2 sp=0x0000006cc4afb318 mode 0
Event: 6.991 Thread 0x00000179d41197a0 Uncommon trap: trap_request=0xffffffc6 fr.pc=0x00000179e40f6188 relative=0x0000000000003668
Event: 6.991 Thread 0x00000179d41197a0 Uncommon trap: reason=bimorphic_or_optimized_type_check action=maybe_recompile pc=0x00000179e40f6188 method=java.net.URL.<init>(Ljava/net/URL;Ljava/lang/String;Ljava/net/URLStreamHandler;)V @ 504 c2
Event: 6.991 Thread 0x00000179d41197a0 DEOPT PACKING pc=0x00000179e40f6188 sp=0x0000006cc4afb850
Event: 6.991 Thread 0x00000179d41197a0 DEOPT UNPACKING pc=0x00000179e3ac7da2 sp=0x0000006cc4afb7e0 mode 2
Event: 7.141 Thread 0x00000179d41197a0 Uncommon trap: trap_request=0xffffff45 fr.pc=0x00000179e417f570 relative=0x00000000000047b0
Event: 7.141 Thread 0x00000179d41197a0 Uncommon trap: reason=unstable_if action=reinterpret pc=0x00000179e417f570 method=java.lang.invoke.MethodType.methodType(Ljava/lang/Class;[Ljava/lang/Class;Z)Ljava/lang/invoke/MethodType; @ 53 c2
Event: 7.141 Thread 0x00000179d41197a0 DEOPT PACKING pc=0x00000179e417f570 sp=0x0000006cc4afd7a0
Event: 7.141 Thread 0x00000179d41197a0 DEOPT UNPACKING pc=0x00000179e3ac7da2 sp=0x0000006cc4afd7c0 mode 2
Event: 7.254 Thread 0x00000179d41197a0 Uncommon trap: trap_request=0xffffffde fr.pc=0x00000179e40e7558 relative=0x0000000000001638
Event: 7.254 Thread 0x00000179d41197a0 Uncommon trap: reason=class_check action=maybe_recompile pc=0x00000179e40e7558 method=java.io.BufferedInputStream.implRead([BII)I @ 100 c2
Event: 7.254 Thread 0x00000179d41197a0 DEOPT PACKING pc=0x00000179e40e7558 sp=0x0000006cc4afd520
Event: 7.254 Thread 0x00000179d41197a0 DEOPT UNPACKING pc=0x00000179e3ac7da2 sp=0x0000006cc4afd410 mode 2

Classes loaded (20 events):
Event: 6.900 Loading class sun/net/www/protocol/jrt/JavaRuntimeURLConnection$1
Event: 6.901 Loading class sun/net/www/protocol/jrt/JavaRuntimeURLConnection$1 done
Event: 6.901 Loading class jdk/internal/jimage/ImageBufferCache
Event: 6.902 Loading class jdk/internal/jimage/ImageBufferCache done
Event: 6.902 Loading class jdk/internal/jimage/ImageBufferCache$1
Event: 6.902 Loading class jdk/internal/jimage/ImageBufferCache$1 done
Event: 6.902 Loading class jdk/internal/jimage/ImageBufferCache$2
Event: 6.902 Loading class jdk/internal/jimage/ImageBufferCache$2 done
Event: 6.902 Loading class java/util/AbstractMap$SimpleEntry
Event: 6.903 Loading class java/util/AbstractMap$SimpleEntry done
Event: 6.954 Loading class java/io/ObjectInputStream
Event: 6.955 Loading class java/io/ObjectInput
Event: 6.955 Loading class java/io/ObjectInput done
Event: 6.955 Loading class java/io/ObjectStreamConstants
Event: 6.955 Loading class java/io/ObjectStreamConstants done
Event: 6.955 Loading class java/io/ObjectInputStream done
Event: 6.955 Loading class java/io/ObjectOutputStream
Event: 6.956 Loading class java/io/ObjectOutput
Event: 6.956 Loading class java/io/ObjectOutput done
Event: 6.956 Loading class java/io/ObjectOutputStream done

Classes unloaded (0 events):
No events

Classes redefined (0 events):
No events

Internal exceptions (20 events):
Event: 5.962 Thread 0x00000179d41197a0 Exception <a 'java/lang/NoSuchMethodError'{0x0000000086d4de58}: 'java.lang.Object java.lang.invoke.DirectMethodHandle$Holder.invokeStatic(java.lang.Object, java.lang.Object, java.lang.Object, java.lang.Object, int)'> (0x0000000086d4de58) 
thrown [s\open\src\hotspot\share\interpreter\linkResolver.cpp, line 773]
Event: 5.964 Thread 0x00000179d41197a0 Exception <a 'java/lang/NoSuchMethodError'{0x0000000086d58510}: 'void java.lang.invoke.DelegatingMethodHandle$Holder.reinvoke_L(java.lang.Object, java.lang.Object, int)'> (0x0000000086d58510) 
thrown [s\open\src\hotspot\share\interpreter\linkResolver.cpp, line 773]
Event: 6.645 Thread 0x00000179d41197a0 Exception <a 'java/lang/ArrayIndexOutOfBoundsException'{0x000000008652e330}: Index 16 out of bounds for length 16> (0x000000008652e330) 
thrown [s\open\src\hotspot\share\interpreter\interpreterRuntime.cpp, line 439]
Event: 6.645 Thread 0x00000179d41197a0 Exception <a 'java/lang/ArrayIndexOutOfBoundsException'{0x000000008652ec08}: Index 16 out of bounds for length 16> (0x000000008652ec08) 
thrown [s\open\src\hotspot\share\interpreter\interpreterRuntime.cpp, line 439]
Event: 6.695 Thread 0x00000179d41197a0 Exception <a 'java/lang/ArrayIndexOutOfBoundsException'{0x00000000865c8de8}: Index 5 out of bounds for length 5> (0x00000000865c8de8) 
thrown [s\open\src\hotspot\share\interpreter\interpreterRuntime.cpp, line 439]
Event: 6.695 Thread 0x00000179d41197a0 Exception <a 'java/lang/ArrayIndexOutOfBoundsException'{0x00000000865c9920}: Index 5 out of bounds for length 5> (0x00000000865c9920) 
thrown [s\open\src\hotspot\share\interpreter\interpreterRuntime.cpp, line 439]
Event: 6.722 Thread 0x00000179d41197a0 Exception <a 'java/lang/ArrayIndexOutOfBoundsException'{0x000000008643d6b8}: Index 16 out of bounds for length 16> (0x000000008643d6b8) 
thrown [s\open\src\hotspot\share\interpreter\interpreterRuntime.cpp, line 439]
Event: 6.722 Thread 0x00000179d41197a0 Exception <a 'java/lang/ArrayIndexOutOfBoundsException'{0x000000008643df40}: Index 16 out of bounds for length 16> (0x000000008643df40) 
thrown [s\open\src\hotspot\share\interpreter\interpreterRuntime.cpp, line 439]
Event: 6.723 Thread 0x00000179d41197a0 Exception <a 'java/lang/ArrayIndexOutOfBoundsException'{0x00000000864453f0}: Index 5 out of bounds for length 5> (0x00000000864453f0) 
thrown [s\open\src\hotspot\share\interpreter\interpreterRuntime.cpp, line 439]
Event: 6.723 Thread 0x00000179d41197a0 Exception <a 'java/lang/ArrayIndexOutOfBoundsException'{0x0000000086445f28}: Index 5 out of bounds for length 5> (0x0000000086445f28) 
thrown [s\open\src\hotspot\share\interpreter\interpreterRuntime.cpp, line 439]
Event: 6.725 Thread 0x00000179d41197a0 Exception <a 'java/lang/ArrayIndexOutOfBoundsException'{0x0000000086452298}: Index 10 out of bounds for length 10> (0x0000000086452298) 
thrown [s\open\src\hotspot\share\interpreter\interpreterRuntime.cpp, line 439]
Event: 6.725 Thread 0x00000179d41197a0 Exception <a 'java/lang/ArrayIndexOutOfBoundsException'{0x0000000086452b20}: Index 10 out of bounds for length 10> (0x0000000086452b20) 
thrown [s\open\src\hotspot\share\interpreter\interpreterRuntime.cpp, line 439]
Event: 6.726 Thread 0x00000179d41197a0 Exception <a 'java/lang/ArrayIndexOutOfBoundsException'{0x0000000086459fd0}: Index 5 out of bounds for length 5> (0x0000000086459fd0) 
thrown [s\open\src\hotspot\share\interpreter\interpreterRuntime.cpp, line 439]
Event: 6.726 Thread 0x00000179d41197a0 Exception <a 'java/lang/ArrayIndexOutOfBoundsException'{0x000000008645ab08}: Index 5 out of bounds for length 5> (0x000000008645ab08) 
thrown [s\open\src\hotspot\share\interpreter\interpreterRuntime.cpp, line 439]
Event: 6.730 Thread 0x00000179d41197a0 Exception <a 'java/lang/ArrayIndexOutOfBoundsException'{0x0000000086467cb0}> (0x0000000086467cb0) 
thrown [s\open\src\hotspot\share\runtime\sharedRuntime.cpp, line 625]
Event: 6.730 Thread 0x00000179d41197a0 Exception <a 'java/lang/ArrayIndexOutOfBoundsException'{0x0000000086468538}> (0x0000000086468538) 
thrown [s\open\src\hotspot\share\runtime\sharedRuntime.cpp, line 625]
Event: 6.918 Thread 0x00000179d41197a0 Exception <a 'java/lang/ArrayIndexOutOfBoundsException'{0x0000000086275690}> (0x0000000086275690) 
thrown [s\open\src\hotspot\share\runtime\sharedRuntime.cpp, line 625]
Event: 6.918 Thread 0x00000179d41197a0 Exception <a 'java/lang/ArrayIndexOutOfBoundsException'{0x0000000086275f18}> (0x0000000086275f18) 
thrown [s\open\src\hotspot\share\runtime\sharedRuntime.cpp, line 625]
Event: 6.977 Thread 0x00000179d41197a0 Exception <a 'java/lang/NoSuchMethodError'{0x00000000861ce1e8}: 'int java.lang.invoke.DirectMethodHandle$Holder.invokeSpecialIFC(java.lang.Object, java.lang.Object, java.lang.Object)'> (0x00000000861ce1e8) 
thrown [s\open\src\hotspot\share\interpreter\linkResolver.cpp, line 773]
Event: 7.044 Thread 0x00000179d41197a0 Exception <a 'java/lang/NoSuchMethodError'{0x00000000860e08e8}: 'java.lang.Object java.lang.invoke.DirectMethodHandle$Holder.invokeSpecialIFC(java.lang.Object, java.lang.Object, java.lang.Object)'> (0x00000000860e08e8) 
thrown [s\open\src\hotspot\share\interpreter\linkResolver.cpp, line 773]

ZGC Phase Switch (0 events):
No events

VM Operations (20 events):
Event: 5.422 Executing VM operation: HandshakeAllThreads (Deoptimize)
Event: 5.422 Executing VM operation: HandshakeAllThreads (Deoptimize) done
Event: 5.476 Executing VM operation: HandshakeAllThreads (Deoptimize)
Event: 5.476 Executing VM operation: HandshakeAllThreads (Deoptimize) done
Event: 5.480 Executing VM operation: HandshakeAllThreads (Deoptimize)
Event: 5.480 Executing VM operation: HandshakeAllThreads (Deoptimize) done
Event: 5.994 Executing VM operation: HandshakeAllThreads (Deoptimize)
Event: 5.994 Executing VM operation: HandshakeAllThreads (Deoptimize) done
Event: 6.046 Executing VM operation: HandshakeAllThreads (Deoptimize)
Event: 6.046 Executing VM operation: HandshakeAllThreads (Deoptimize) done
Event: 6.333 Executing VM operation: ICBufferFull
Event: 6.333 Executing VM operation: ICBufferFull done
Event: 6.619 Executing VM operation: HandshakeAllThreads (Deoptimize)
Event: 6.619 Executing VM operation: HandshakeAllThreads (Deoptimize) done
Event: 6.657 Executing VM operation: HandshakeAllThreads (Deoptimize)
Event: 6.657 Executing VM operation: HandshakeAllThreads (Deoptimize) done
Event: 6.711 Executing VM operation: HandshakeAllThreads (Deoptimize)
Event: 6.711 Executing VM operation: HandshakeAllThreads (Deoptimize) done
Event: 6.989 Executing VM operation: HandshakeAllThreads (Deoptimize)
Event: 6.989 Executing VM operation: HandshakeAllThreads (Deoptimize) done

Events (17 events):
Event: 0.033 Thread 0x00000179d41197a0 Thread added: 0x00000179d41197a0
Event: 0.049 Thread 0x00000179f0485b30 Thread added: 0x00000179f0485b30
Event: 0.049 Thread 0x00000179f0487ba0 Thread added: 0x00000179f0487ba0
Event: 0.050 Thread 0x00000179f048dae0 Thread added: 0x00000179f048dae0
Event: 0.050 Thread 0x00000179f0494040 Thread added: 0x00000179f0494040
Event: 0.050 Thread 0x00000179f0490bc0 Thread added: 0x00000179f0490bc0
Event: 0.050 Thread 0x00000179f0491250 Thread added: 0x00000179f0491250
Event: 0.050 Thread 0x00000179f0b003b0 Thread added: 0x00000179f0b003b0
Event: 0.050 Thread 0x00000179f0b033c0 Thread added: 0x00000179f0b033c0
Event: 0.185 Thread 0x00000179f0491f70 Thread added: 0x00000179f0491f70
Event: 0.265 Thread 0x00000179f0d7ea70 Thread added: 0x00000179f0d7ea70
Event: 0.408 Thread 0x00000179f0493320 Thread added: 0x00000179f0493320
Event: 0.408 Thread 0x00000179f04918e0 Thread added: 0x00000179f04918e0
Event: 1.509 Thread 0x00000179f04939b0 Thread added: 0x00000179f04939b0
Event: 2.381 Thread 0x00000179f5f74970 Thread added: 0x00000179f5f74970
Event: 2.489 Thread 0x00000179f5f74970 Thread exited: 0x00000179f5f74970
Event: 2.665 Thread 0x00000179f04939b0 Thread exited: 0x00000179f04939b0


Dynamic libraries:
0x00007ff661da0000 - 0x00007ff661db0000 	C:\Program Files\Java\jdk-21\bin\java.exe
0x00007ffae1250000 - 0x00007ffae1448000 	C:\WINDOWS\SYSTEM32\ntdll.dll
0x00007ffadfc40000 - 0x00007ffadfd02000 	C:\WINDOWS\System32\KERNEL32.DLL
0x00007ffaded50000 - 0x00007ffadf04e000 	C:\WINDOWS\System32\KERNELBASE.dll
0x00007ffadeae0000 - 0x00007ffadebe0000 	C:\WINDOWS\System32\ucrtbase.dll
0x00007ffaccdb0000 - 0x00007ffaccdc9000 	C:\Program Files\Java\jdk-21\bin\jli.dll
0x00007ffad8720000 - 0x00007ffad873b000 	C:\Program Files\Java\jdk-21\bin\VCRUNTIME140.dll
0x00007ffadfb20000 - 0x00007ffadfbd2000 	C:\WINDOWS\System32\ADVAPI32.dll
0x00007ffadfe70000 - 0x00007ffadff0e000 	C:\WINDOWS\System32\msvcrt.dll
0x00007ffae1170000 - 0x00007ffae1210000 	C:\WINDOWS\System32\sechost.dll
0x00007ffae0750000 - 0x00007ffae0873000 	C:\WINDOWS\System32\RPCRT4.dll
0x00007ffadf240000 - 0x00007ffadf267000 	C:\WINDOWS\System32\bcrypt.dll
0x00007ffadf4f0000 - 0x00007ffadf68d000 	C:\WINDOWS\System32\USER32.dll
0x00007ffabb0b0000 - 0x00007ffabb34a000 	C:\WINDOWS\WinSxS\amd64_microsoft.windows.common-controls_6595b64144ccf1df_6.0.19041.4355_none_60b8b9eb71f62e16\COMCTL32.dll
0x00007ffadf050000 - 0x00007ffadf072000 	C:\WINDOWS\System32\win32u.dll
0x00007ffadff50000 - 0x00007ffadff7b000 	C:\WINDOWS\System32\GDI32.dll
0x00007ffadebe0000 - 0x00007ffadecf7000 	C:\WINDOWS\System32\gdi32full.dll
0x00007ffad3270000 - 0x00007ffad327a000 	C:\WINDOWS\SYSTEM32\VERSION.dll
0x00007ffadf080000 - 0x00007ffadf11d000 	C:\WINDOWS\System32\msvcp_win.dll
0x00007ffadff10000 - 0x00007ffadff3f000 	C:\WINDOWS\System32\IMM32.DLL
0x00007ffa63b70000 - 0x00007ffa63c14000 	D:\McAfee\Endpoint Security\Threat Prevention\Ips\EpMPApi.dll
0x00007ffadf120000 - 0x00007ffadf189000 	C:\WINDOWS\System32\WINTRUST.dll
0x00007ffade980000 - 0x00007ffadeadc000 	C:\WINDOWS\System32\CRYPT32.dll
0x00007ffade4b0000 - 0x00007ffade4c2000 	C:\WINDOWS\SYSTEM32\MSASN1.dll
0x0000000072f70000 - 0x0000000072f7c000 	D:\McAfee\Endpoint Security\Threat Prevention\Ips\EpMPThe.dll
0x00007ffacde20000 - 0x00007ffacde7c000 	D:\McAfee\Endpoint Security\Threat Prevention\Ips\HIPHandlers64.dll
0x00007ffadff80000 - 0x00007ffae06ef000 	C:\WINDOWS\System32\SHELL32.dll
0x00007ffae06f0000 - 0x00007ffae0745000 	C:\WINDOWS\System32\SHLWAPI.dll
0x00007ffaddd10000 - 0x00007ffaddd4b000 	C:\WINDOWS\SYSTEM32\IPHLPAPI.DLL
0x00007ffadce00000 - 0x00007ffadcfe4000 	C:\WINDOWS\SYSTEM32\dbghelp.dll
0x00007ffadbbc0000 - 0x00007ffadbbcc000 	C:\Program Files\Java\jdk-21\bin\vcruntime140_1.dll
0x00007ffab8f00000 - 0x00007ffab8f8e000 	C:\Program Files\Java\jdk-21\bin\msvcp140.dll
0x00007ffab81f0000 - 0x00007ffab8efd000 	C:\Program Files\Java\jdk-21\bin\server\jvm.dll
0x00007ffae0f80000 - 0x00007ffae0feb000 	C:\WINDOWS\System32\WS2_32.dll
0x00007ffadde80000 - 0x00007ffaddecb000 	C:\WINDOWS\SYSTEM32\POWRPROF.dll
0x00007ffabbc90000 - 0x00007ffabbcb7000 	C:\WINDOWS\SYSTEM32\WINMM.dll
0x00007ffaddcf0000 - 0x00007ffaddd02000 	C:\WINDOWS\SYSTEM32\UMPDC.dll
0x00007ffadd110000 - 0x00007ffadd122000 	C:\WINDOWS\SYSTEM32\kernel.appcore.dll
0x00007ffad92a0000 - 0x00007ffad92aa000 	C:\Program Files\Java\jdk-21\bin\jimage.dll
0x00007fface210000 - 0x00007fface244000 	C:\WINDOWS\SYSTEM32\dbgcore.DLL
0x00007ffade8f0000 - 0x00007ffade972000 	C:\WINDOWS\System32\bcryptPrimitives.dll
0x00007ffa9c510000 - 0x00007ffa9c51f000 	C:\Program Files\Java\jdk-21\bin\instrument.dll
0x00007ffaba490000 - 0x00007ffaba4af000 	C:\Program Files\Java\jdk-21\bin\java.dll
0x00007ffadc650000 - 0x00007ffadcdf4000 	C:\WINDOWS\SYSTEM32\windows.storage.dll
0x00007ffadf690000 - 0x00007ffadf9e3000 	C:\WINDOWS\System32\combase.dll
0x00007ffade320000 - 0x00007ffade34e000 	C:\WINDOWS\SYSTEM32\Wldp.dll
0x00007ffadfd20000 - 0x00007ffadfded000 	C:\WINDOWS\System32\OLEAUT32.dll
0x00007ffae0880000 - 0x00007ffae092d000 	C:\WINDOWS\System32\SHCORE.dll
0x00007ffade820000 - 0x00007ffade844000 	C:\WINDOWS\SYSTEM32\profapi.dll
0x00007ffab8110000 - 0x00007ffab81e7000 	C:\Program Files\Java\jdk-21\bin\jsvml.dll
0x00007ffab80a0000 - 0x00007ffab80b8000 	C:\Program Files\Java\jdk-21\bin\zip.dll
0x00007ffab8100000 - 0x00007ffab8110000 	C:\Program Files\Java\jdk-21\bin\net.dll
0x00007ffad32d0000 - 0x00007ffad33dd000 	C:\WINDOWS\SYSTEM32\WINHTTP.dll
0x00007ffade080000 - 0x00007ffade0ea000 	C:\WINDOWS\system32\mswsock.dll
0x00007ffab80e0000 - 0x00007ffab80f6000 	C:\Program Files\Java\jdk-21\bin\nio.dll
0x00007ffa9a280000 - 0x00007ffa9a29a000 	D:\Java_dowload\bin\breakgen64.dll
0x00007ffab7ea0000 - 0x00007ffab7ea9000 	C:\Program Files\Java\jdk-21\bin\extnet.dll
0x00007ffab7ee0000 - 0x00007ffab7eee000 	C:\Program Files\Java\jdk-21\bin\sunmscapi.dll
0x00007ffade390000 - 0x00007ffade3b7000 	C:\WINDOWS\SYSTEM32\ncrypt.dll
0x00007ffade350000 - 0x00007ffade38b000 	C:\WINDOWS\SYSTEM32\NTASN1.dll

dbghelp: loaded successfully - version: 4.0.5 - missing functions: none
symbol engine: initialized successfully - sym options: 0x614 - pdb path: .;C:\Program Files\Java\jdk-21\bin;C:\WINDOWS\SYSTEM32;C:\WINDOWS\WinSxS\amd64_microsoft.windows.common-controls_6595b64144ccf1df_6.0.19041.4355_none_60b8b9eb71f62e16;D:\McAfee\Endpoint Security\Threat Prevention\Ips;C:\Program Files\Java\jdk-21\bin\server;D:\Java_dowload\bin

VM Arguments:
jvm_args: -javaagent:D:\Java_dowload\lib\idea_rt.jar=60994:D:\Java_dowload\bin -Dfile.encoding=UTF-8 -Dsun.stdout.encoding=UTF-8 -Dsun.stderr.encoding=UTF-8 
java_command: com.example.demo.ProjectDemoApiApplication
java_class_path (initial): D:\Demo-API\demo\target\classes;C:\Users\Admin\.m2\repository\commons-io\commons-io\2.16.1\commons-io-2.16.1.jar;C:\Users\Admin\.m2\repository\org\modelmapper\modelmapper\3.1.1\modelmapper-3.1.1.jar;C:\Users\Admin\.m2\repository\org\springframework\boot\spring-boot-starter-actuator\3.3.4\spring-boot-starter-actuator-3.3.4.jar;C:\Users\Admin\.m2\repository\org\springframework\boot\spring-boot-starter\3.3.4\spring-boot-starter-3.3.4.jar;C:\Users\Admin\.m2\repository\org\springframework\boot\spring-boot\3.3.4\spring-boot-3.3.4.jar;C:\Users\Admin\.m2\repository\org\springframework\boot\spring-boot-autoconfigure\3.3.4\spring-boot-autoconfigure-3.3.4.jar;C:\Users\Admin\.m2\repository\org\springframework\boot\spring-boot-starter-logging\3.3.4\spring-boot-starter-logging-3.3.4.jar;C:\Users\Admin\.m2\repository\ch\qos\logback\logback-classic\1.5.8\logback-classic-1.5.8.jar;C:\Users\Admin\.m2\repository\ch\qos\logback\logback-core\1.5.8\logback-core-1.5.8.jar;C:\Users\Admin\.m2\repository\org\apache\logging\log4j\log4j-to-slf4j\2.23.1\log4j-to-slf4j-2.23.1.jar;C:\Users\Admin\.m2\repository\org\apache\logging\log4j\log4j-api\2.23.1\log4j-api-2.23.1.jar;C:\Users\Admin\.m2\repository\org\slf4j\jul-to-slf4j\2.0.16\jul-to-slf4j-2.0.16.jar;C:\Users\Admin\.m2\repository\jakarta\annotation\jakarta.annotation-api\2.1.1\jakarta.annotation-api-2.1.1.jar;C:\Users\Admin\.m2\repository\org\yaml\snakeyaml\2.2\snakeyaml-2.2.jar;C:\Users\Admin\.m2\repository\org\springframework\boot\spring-boot-actuator-autoconfigure\3.3.4\spring-boot-actuator-autoconfigure-3.3.4.jar;C:\Users\Admin\.m2\repository\org\springframework\boot\spring-boot-actuator\3.3.4\spring-boot-actuator-3.3.4.jar;C:\Users\Admin\.m2\repository\com\fasterxml\jackson\core\jackson-databind\2.17.2\jackson-databind-2.17.2.jar;C:\Users\Admin\.m2\repository\com\fasterxml\jackson\core\jackson-annotations\2.17.2\jackson-annotations-2.17.2.jar;C:\Users\Admin\.m2\repository\com\fasterxml\jackson\datatype\jackson-datatype-jsr310\2.17.2\jackson-datatype-jsr310-2.17.2.jar;C:\Users\Admin\.m2\repository\io\micrometer\micrometer-observation\1.13.4\micrometer-observation-1.13.4.jar;C:\Users\Admin\.m2\repository\io\micrometer\micrometer-commons\1.13.4\micrometer-commons-1.13.4.jar;C:\Users\Admin\.m2\repository\io\micrometer\micrometer-jakarta9\1.13.4\micrometer-jakarta9-1.13.4.jar;C:\Users\Admin\.m2\repository\io\micrometer\micrometer-core\1.13.4\micrometer-core-1.13.4.jar;C:\Users\Admin\.m2\repository\org\hdrhistogram\HdrHistogram\2.2.2\HdrHistogram-2.2.2.jar;C:\Users\Admin\.m2\repository\org\latencyutils\LatencyUtils\2.0.3\LatencyUtils-2.0.3.jar;C:\Users\Admin\.m2\repository\org\springframework\boot\spring-boot-starter-data-jpa\3.3.4\spring-boot-starter-data-jpa-3.3.4.jar;C:\Users\Admin\.m2\repository\org\springframework\boot\spring-boot-starter-aop\3.3.4\spring-boot-starter-aop-3.3.4.jar;C:\Users\Admin\.m2\repository\org\aspectj\aspectjweaver\1.9.22.1\aspectjweaver-1.9.22.1.jar;C:\Users\Admin\.m2\repository\org\springframework\boot\spring-boot-starter-jdbc\3.3.4\spring-boot-starter-jdbc-3.3.4.jar;C:\Users\Admin\.m2\repository\com\zaxxer\HikariCP\5.1.0\HikariCP-5.1.0.jar;C:\Users\Admin\.m2\repository\org\springframework\spring-jdbc\6.1.13\spring-jdbc-6.1.13.jar;C:\Users\Admin\.m2\repository\org\hibernate\orm\hibernate-core\6.5.3.Final\hibernate-core-6.5.3.Final.jar;C:\Users\Admin\.m2\repository\jakarta\persistence\jakarta.persistence-api\3.1.0\jakarta.persistence-api-3.1.0.jar;C:\Users\Admin\.m2\repository\jakarta\transaction\jakarta.transaction-api\2.0.1\jakarta.transaction-api-2.0.1.jar;C:\Users\Admin\.m2\repository\org\jboss\logging\jboss-logging\3.5.3.Final\jboss-logging-3.5.3.Final.jar;C:\Users\Admin\.m2\repository\org\hibernate\common\hibernate-commons-annotations\6.0.6.Final\hibernate-commons-annotations-6.0.6.Final.jar;C:\Users\Admin\.m2\repository\io\smallrye\jandex\3.1.2\jandex-3.1.2.jar;C:\Users\Admin\.m2\repository\com\fasterxml\classmate\1.7.0\classmate-1.7.0.jar;C:\Users\Admin\.m2\repository\net\bytebuddy\byte-buddy\1.14.19\byte-buddy-1.14.19.jar;C:\Users\Admin\.m2\repository\org\glassfish\jaxb\jaxb-runtime\4.0.5\jaxb-runtime-4.0.5.jar;C:\Users\Admin\.m2\repository\org\glassfish\jaxb\jaxb-core\4.0.5\jaxb-core-4.0.5.jar;C:\Users\Admin\.m2\repository\org\glassfish\jaxb\txw2\4.0.5\txw2-4.0.5.jar;C:\Users\Admin\.m2\repository\com\sun\istack\istack-commons-runtime\4.1.2\istack-commons-runtime-4.1.2.jar;C:\Users\Admin\.m2\repository\jakarta\inject\jakarta.inject-api\2.0.1\jakarta.inject-api-2.0.1.jar;C:\Users\Admin\.m2\repository\org\antlr\antlr4-runtime\4.13.0\antlr4-runtime-4.13.0.jar;C:\Users\Admin\.m2\repository\org\springframework\data\spring-data-jpa\3.3.4\spring-data-jpa-3.3.4.jar;C:\Users\Admin\.m2\repository\org\springframework\data\spring-data-commons\3.3.4\spring-data-commons-3.3.4.jar;C:\Users\Admin\.m2\repository\org\springframework\spring-orm\6.1.13\spring-orm-6.1.13.jar;C:\Users\Admin\.m2\repository\org\springframework\spring-context\6.1.13\spring-context-6.1.13.jar;C:\Users\Admin\.m2\repository\org\springframework\spring-tx\6.1.13\spring-tx-6.1.13.jar;C:\Users\Admin\.m2\repository\org\springframework\spring-beans\6.1.13\spring-beans-6.1.13.jar;C:\Users\Admin\.m2\repository\org\springframework\spring-aspects\6.1.13\spring-aspects-6.1.13.jar;C:\Users\Admin\.m2\repository\org\springframework\boot\spring-boot-starter-oauth2-resource-server\3.3.4\spring-boot-starter-oauth2-resource-server-3.3.4.jar;C:\Users\Admin\.m2\repository\org\springframework\security\spring-security-config\6.3.3\spring-security-config-6.3.3.jar;C:\Users\Admin\.m2\repository\org\springframework\security\spring-security-core\6.3.3\spring-security-core-6.3.3.jar;C:\Users\Admin\.m2\repository\org\springframework\security\spring-security-crypto\6.3.3\spring-security-crypto-6.3.3.jar;C:\Users\Admin\.m2\repository\org\springframework\spring-expression\6.1.13\spring-expression-6.1.13.jar;C:\Users\Admin\.m2\repository\org\springframework\security\spring-security-oauth2-resource-server\6.3.3\spring-security-oauth2-resource-server-6.3.3.jar;C:\Users\Admin\.m2\repository\org\springframework\security\spring-security-oauth2-core\6.3.3\spring-security-oauth2-core-6.3.3.jar;C:\Users\Admin\.m2\repository\org\springframework\security\spring-security-oauth2-jose\6.3.3\spring-security-oauth2-jose-6.3.3.jar;C:\Users\Admin\.m2\repository\com\nimbusds\nimbus-jose-jwt\9.37.3\nimbus-jose-jwt-9.37.3.jar;C:\Users\Admin\.m2\repository\com\github\stephenc\jcip\jcip-annotations\1.0-1\jcip-annotations-1.0-1.jar;C:\Users\Admin\.m2\repository\org\springframework\boot\spring-boot-starter-security\3.3.4\spring-boot-starter-security-3.3.4.jar;C:\Users\Admin\.m2\repository\org\springframework\spring-aop\6.1.13\spring-aop-6.1.13.jar;C:\Users\Admin\.m2\repository\org\springframework\security\spring-security-web\6.3.3\spring-security-web-6.3.3.jar;C:\Users\Admin\.m2\repository\org\springframework\boot\spring-boot-starter-thymeleaf\3.3.4\spring-boot-starter-thymeleaf-3.3.4.jar;C:\Users\Admin\.m2\repository\org\thymeleaf\thymeleaf-spring6\3.1.2.RELEASE\thymeleaf-spring6-3.1.2.RELEASE.jar;C:\Users\Admin\.m2\repository\org\thymeleaf\thymeleaf\3.1.2.RELEASE\thymeleaf-3.1.2.RELEASE.jar;C:\Users\Admin\.m2\repository\org\attoparser\attoparser\2.0.7.RELEASE\attoparser-2.0.7.RELEASE.jar;C:\Users\Admin\.m2\repository\org\unbescape\unbescape\1.1.6.RELEASE\unbescape-1.1.6.RELEASE.jar;C:\Users\Admin\.m2\repository\org\springframework\boot\spring-boot-starter-validation\3.3.4\spring-boot-starter-validation-3.3.4.jar;C:\Users\Admin\.m2\repository\org\apache\tomcat\embed\tomcat-embed-el\10.1.30\tomcat-embed-el-10.1.30.jar;C:\Users\Admin\.m2\repository\org\hibernate\validator\hibernate-validator\8.0.1.Final\hibernate-validator-8.0.1.Final.jar;C:\Users\Admin\.m2\repository\jakarta\validation\jakarta.validation-api\3.0.2\jakarta.validation-api-3.0.2.jar;C:\Users\Admin\.m2\repository\org\springframework\boot\spring-boot-starter-web\3.3.4\spring-boot-starter-web-3.3.4.jar;C:\Users\Admin\.m2\repository\org\springframework\boot\spring-boot-starter-json\3.3.4\spring-boot-starter-json-3.3.4.jar;C:\Users\Admin\.m2\repository\com\fasterxml\jackson\datatype\jackson-datatype-jdk8\2.17.2\jackson-datatype-jdk8-2.17.2.jar;C:\Users\Admin\.m2\repository\com\fasterxml\jackson\module\jackson-module-parameter-names\2.17.2\jackson-module-parameter-names-2.17.2.jar;C:\Users\Admin\.m2\repository\org\springframework\boot\spring-boot-starter-tomcat\3.3.4\spring-boot-starter-tomcat-3.3.4.jar;C:\Users\Admin\.m2\repository\org\apache\tomcat\embed\tomcat-embed-core\10.1.30\tomcat-embed-core-10.1.30.jar;C:\Users\Admin\.m2\repository\org\apache\tomcat\embed\tomcat-embed-websocket\10.1.30\tomcat-embed-websocket-10.1.30.jar;C:\Users\Admin\.m2\repository\org\springframework\spring-web\6.1.13\spring-web-6.1.13.jar;C:\Users\Admin\.m2\repository\org\springframework\spring-webmvc\6.1.13\spring-webmvc-6.1.13.jar;C:\Users\Admin\.m2\repository\org\thymeleaf\extras\thymeleaf-extras-springsecurity6\3.1.2.RELEASE\thymeleaf-extras-springsecurity6-3.1.2.RELEASE.jar;C:\Users\Admin\.m2\repository\org\slf4j\slf4j-api\2.0.16\slf4j-api-2.0.16.jar;C:\Users\Admin\.m2\repository\org\projectlombok\lombok\1.18.34\lombok-1.18.34.jar;C:\Users\Admin\.m2\repository\org\postgresql\postgresql\42.7.4\postgresql-42.7.4.jar;C:\Users\Admin\.m2\repository\org\checkerframework\checker-qual\3.42.0\checker-qual-3.42.0.jar;C:\Users\Admin\.m2\repository\jakarta\xml\bind\jakarta.xml.bind-api\4.0.2\jakarta.xml.bind-api-4.0.2.jar;C:\Users\Admin\.m2\repository\jakarta\activation\jakarta.activation-api\2.1.3\jakarta.activation-api-2.1.3.jar;C:\Users\Admin\.m2\repository\org\springframework\spring-core\6.1.13\spring-core-6.1.13.jar;C:\Users\Admin\.m2\repository\org\springframework\spring-jcl\6.1.13\spring-jcl-6.1.13.jar;C:\Users\Admin\.m2\repository\org\flywaydb\flyway-core\10.10.0\flyway-core-10.10.0.jar;C:\Users\Admin\.m2\repository\com\fasterxml\jackson\dataformat\jackson-dataformat-toml\2.17.2\jackson-dataformat-toml-2.17.2.jar;C:\Users\Admin\.m2\repository\com\fasterxml\jackson\core\jackson-core\2.17.2\jackson-core-2.17.2.jar;C:\Users\Admin\.m2\repository\com\google\code\gson\gson\2.10.1\gson-2.10.1.jar;C:\Users\Admin\.m2\repository\org\flywaydb\flyway-database-postgresql\10.10.0\flyway-database-postgresql-10.10.0.jar;C:\Users\Admin\.m2\repository\org\springdoc\springdoc-openapi-starter-webmvc-ui\2.1.0\springdoc-openapi-starter-webmvc-ui-2.1.0.jar;C:\Users\Admin\.m2\repository\org\springdoc\springdoc-openapi-starter-webmvc-api\2.1.0\springdoc-openapi-starter-webmvc-api-2.1.0.jar;C:\Users\Admin\.m2\repository\org\springdoc\springdoc-openapi-starter-common\2.1.0\springdoc-openapi-starter-common-2.1.0.jar;C:\Users\Admin\.m2\repository\io\swagger\core\v3\swagger-core-jakarta\2.2.9\swagger-core-jakarta-2.2.9.jar;C:\Users\Admin\.m2\repository\io\swagger\core\v3\swagger-annotations-jakarta\2.2.9\swagger-annotations-jakarta-2.2.9.jar;C:\Users\Admin\.m2\repository\io\swagger\core\v3\swagger-models-jakarta\2.2.9\swagger-models-jakarta-2.2.9.jar;C:\Users\Admin\.m2\repository\com\fasterxml\jackson\dataformat\jackson-dataformat-yaml\2.17.2\jackson-dataformat-yaml-2.17.2.jar;C:\Users\Admin\.m2\repository\org\webjars\swagger-ui\4.18.2\swagger-ui-4.18.2.jar;C:\Users\Admin\.m2\repository\com\cloudinary\cloudinary-http5\2.0.0\cloudinary-http5-2.0.0.jar;C:\Users\Admin\.m2\repository\com\cloudinary\cloudinary-core\2.0.0\cloudinary-core-2.0.0.jar;C:\Users\Admin\.m2\repository\org\apache\httpcomponents\client5\httpclient5\5.3.1\httpclient5-5.3.1.jar;C:\Users\Admin\.m2\repository\org\apache\httpcomponents\core5\httpcore5-h2\5.2.5\httpcore5-h2-5.2.5.jar;C:\Users\Admin\.m2\repository\org\apache\httpcomponents\core5\httpcore5\5.2.5\httpcore5-5.2.5.jar;C:\Users\Admin\.m2\repository\com\cloudinary\cloudinary-taglib\2.0.0\cloudinary-taglib-2.0.0.jar;C:\Users\Admin\.m2\repository\javax\servlet\jsp-api\2.0\jsp-api-2.0.jar;C:\Users\Admin\.m2\repository\javax\servlet\servlet-api\2.4\servlet-api-2.4.jar;C:\Users\Admin\.m2\repository\io\github\cdimascio\dotenv-java\2.2.4\dotenv-java-2.2.4.jar;C:\Users\Admin\.m2\repository\org\springframework\boot\spring-boot-starter-mail\3.2.4\spring-boot-starter-mail-3.2.4.jar;C:\Users\Admin\.m2\repository\org\springframework\spring-context-support\6.1.13\spring-context-support-6.1.13.jar;C:\Users\Admin\.m2\repository\org\eclipse\angus\jakarta.mail\2.0.3\jakarta.mail-2.0.3.jar;C:\Users\Admin\.m2\repository\org\eclipse\angus\angus-activation\2.0.2\angus-activation-2.0.2.jar;C:\Users\Admin\.m2\repository\org\apache\commons\commons-lang3\3.12.0\commons-lang3-3.12.0.jar
Launcher Type: SUN_STANDARD

[Global flags]
     intx CICompilerCount                          = 4                                         {product} {ergonomic}
     uint ConcGCThreads                            = 2                                         {product} {ergonomic}
     uint G1ConcRefinementThreads                  = 8                                         {product} {ergonomic}
   size_t G1HeapRegionSize                         = 1048576                                   {product} {ergonomic}
    uintx GCDrainStackTargetSize                   = 64                                        {product} {ergonomic}
   size_t InitialHeapSize                          = 132120576                                 {product} {ergonomic}
   size_t MarkStackSize                            = 4194304                                   {product} {ergonomic}
   size_t MaxHeapSize                              = 2086666240                                {product} {ergonomic}
   size_t MaxNewSize                               = 1251999744                                {product} {ergonomic}
   size_t MinHeapDeltaBytes                        = 1048576                                   {product} {ergonomic}
   size_t MinHeapSize                              = 8388608                                   {product} {ergonomic}
    uintx NonNMethodCodeHeapSize                   = 5839372                                {pd product} {ergonomic}
    uintx NonProfiledCodeHeapSize                  = 122909434                              {pd product} {ergonomic}
    uintx ProfiledCodeHeapSize                     = 122909434                              {pd product} {ergonomic}
    uintx ReservedCodeCacheSize                    = 251658240                              {pd product} {ergonomic}
     bool SegmentedCodeCache                       = true                                      {product} {ergonomic}
   size_t SoftMaxHeapSize                          = 2086666240                             {manageable} {ergonomic}
     bool UseCompressedOops                        = true                           {product lp64_product} {ergonomic}
     bool UseG1GC                                  = true                                      {product} {ergonomic}
     bool UseLargePagesIndividualAllocation        = false                                  {pd product} {ergonomic}

Logging:
Log output configuration:
 #0: stdout all=warning uptime,level,tags foldmultilines=false
 #1: stderr all=off uptime,level,tags foldmultilines=false

Environment Variables:
JAVA_HOME=C:\Program Files\Java\jdk-21\bin
PATH=C:\Windows\system32;C:\Windows;C:\Windows\System32\Wbem;C:\Windows\System32\WindowsPowerShell\v1.0\;C:\Windows\System32\OpenSSH\;C:\Program Files\NVIDIA Corporation\NVIDIA NvDLISR;C:\Program Files (x86)\NVIDIA Corporation\PhysX\Common;C:\WINDOWS\system32;C:\WINDOWS;C:\WINDOWS\System32\Wbem;C:\WINDOWS\System32\WindowsPowerShell\v1.0\;C:\WINDOWS\System32\OpenSSH\;C:\Program Files\Microsoft SQL Server\Client SDK\ODBC\170\Tools\Binn\;C:\Program Files (x86)\Microsoft SQL Server\150\Tools\Binn\;C:\Program Files\Microsoft SQL Server\150\Tools\Binn\;C:\Program Files\Microsoft SQL Server\150\DTS\Binn\;C:\Program Files\Azure Data Studio\bin;C:\Program Files\dotnet\;C:\Program Files\Microsoft SQL Server\110\Tools\Binn\;C:\Program Files\Git\cmd;C:\Program Files (x86)\Microsoft SQL Server\160\DTS\Binn\;C:\Program Files (x86)\Microsoft SQL Server\120\Tools\Binn\ManagementStudio\;C:\Program Files (x86)\Microsoft SQL Server\120\Tools\Binn\;C:\Program Files (x86)\Microsoft Visual Studio 12.0\Common7\IDE\PrivateAssemblies\;C:\Program Files (x86)\Microsoft SQL Server\120\DTS\Binn\;C:\Program Files\Microsoft SQL Server\160\DTS\Binn\;C:\Program Files (x86)\Microsoft SQL Server\160\Tools\Binn\;C:\Program Files\Microsoft SQL Server\160\Tools\Binn\;C:\Program Files\TortoiseSVN\bin;C:\Users\Admin\AppData\Local\Programs\Python\Python39;C:\Users\Admin\AppData\Local\Programs\Python\Python39\Scripts;C:\Program Files\nodejs\;C:\Users\Admin\AppData\Local\Programs\Python\Python312\Scripts\;C:\Users\Admin\AppData\Local\Programs\Python\Python312\;C:\Python39\Scripts\;C:\Python39\;C:\Users\Admin\AppData\Local\Microsoft\WindowsApps;C:\Program Files\JetBrains\PyCharm Community Edition 2020.2.3\bin;;C:\Program Files\Azure Data Studio\bin;C:\Users\Admin\AppData\Local\Programs\Microsoft VS Code\bin;C:\Program Files\dotnet\sdk\6.0.200;C:\Users\Admin\AppData\Roaming\npm;C:\Program Files\Java\jdk-21\bin;
USERNAME=Admin
OS=Windows_NT
PROCESSOR_IDENTIFIER=Intel64 Family 6 Model 126 Stepping 5, GenuineIntel
TMP=C:\Users\Admin\AppData\Local\Temp
TEMP=C:\Users\Admin\AppData\Local\Temp




Periodic native trim disabled

---------------  S Y S T E M  ---------------

OS:
 Windows 10 , 64 bit Build 19041 (10.0.19041.4957)
OS uptime: 0 days 7:34 hours

CPU: total 8 (initial active 8) (4 cores per cpu, 2 threads per core) family 6 model 126 stepping 5 microcode 0xc2, cx8, cmov, fxsr, ht, mmx, 3dnowpref, sse, sse2, sse3, ssse3, sse4.1, sse4.2, popcnt, lzcnt, tsc, tscinvbit, avx, avx2, aes, erms, clmul, bmi1, bmi2, adx, avx512f, avx512dq, avx512cd, avx512bw, avx512vl, sha, fma, vzeroupper, avx512_vpopcntdq, avx512_vpclmulqdq, avx512_vaes, avx512_vnni, clflush, clflushopt, avx512_vbmi2, avx512_vbmi, rdtscp, rdpid, fsrm, gfni, avx512_bitalg, f16c, pku, avx512_ifma
Processor Information for all 8 processors :
  Max Mhz: 1190, Current Mhz: 991, Mhz Limit: 987

Memory: 4k page, system-wide physical 7959M (329M free)
TotalPageFile size 15685M (AvailPageFile size 3M)
current process WorkingSet (physical memory assigned to process): 194M, peak: 194M
current process commit charge ("private bytes"): 237M, peak: 262M

vm_info: Java HotSpot(TM) 64-Bit Server VM (21.0.3+7-LTS-152) for windows-amd64 JRE (21.0.3+7-LTS-152), built on 2024-03-11T17:42:26Z by "mach5one" with MS VC++ 17.6 (VS2022)

END.
